0 info it worked if it ends with ok
1 verbose cli [ 'node', '/usr/local/bin/npm', 'install' ]
2 info using npm@1.4.28
3 info using node@v0.10.33
4 warn package.json @ No repository field.
5 verbose readDependencies using package.json deps
6 verbose install where, deps [ '/Users/stephenyoung/Documents/GitHub Repos/acidotic-racing',
6 verbose install   [ 'gulp',
6 verbose install     'gulp-clean',
6 verbose install     'gulp-file-include',
6 verbose install     'gulp-if',
6 verbose install     'gulp-imagemin',
6 verbose install     'gulp-minify-css',
6 verbose install     'gulp-notify',
6 verbose install     'gulp-rename',
6 verbose install     'gulp-sass',
6 verbose install     'gulp-scss-lint',
6 verbose install     'gulp-uglify',
6 verbose install     'gulp-useref',
6 verbose install     'imagemin-pngquant',
6 verbose install     'streamjs' ] ]
7 info preinstall @
8 verbose readDependencies using package.json deps
9 verbose cache add [ 'gulp-clean@^0.3.1', null ]
10 verbose cache add name=undefined spec="gulp-clean@^0.3.1" args=["gulp-clean@^0.3.1",null]
11 verbose parsed url { protocol: null,
11 verbose parsed url   slashes: null,
11 verbose parsed url   auth: null,
11 verbose parsed url   host: null,
11 verbose parsed url   port: null,
11 verbose parsed url   hostname: null,
11 verbose parsed url   hash: null,
11 verbose parsed url   search: null,
11 verbose parsed url   query: null,
11 verbose parsed url   pathname: 'gulp-clean@^0.3.1',
11 verbose parsed url   path: 'gulp-clean@^0.3.1',
11 verbose parsed url   href: 'gulp-clean@^0.3.1' }
12 verbose cache add [ 'gulp-file-include@^0.8.0', null ]
13 verbose cache add name=undefined spec="gulp-file-include@^0.8.0" args=["gulp-file-include@^0.8.0",null]
14 verbose parsed url { protocol: null,
14 verbose parsed url   slashes: null,
14 verbose parsed url   auth: null,
14 verbose parsed url   host: null,
14 verbose parsed url   port: null,
14 verbose parsed url   hostname: null,
14 verbose parsed url   hash: null,
14 verbose parsed url   search: null,
14 verbose parsed url   query: null,
14 verbose parsed url   pathname: 'gulp-file-include@^0.8.0',
14 verbose parsed url   path: 'gulp-file-include@^0.8.0',
14 verbose parsed url   href: 'gulp-file-include@^0.8.0' }
15 verbose cache add name="gulp-clean" spec="^0.3.1" args=["gulp-clean","^0.3.1"]
16 verbose parsed url { protocol: null,
16 verbose parsed url   slashes: null,
16 verbose parsed url   auth: null,
16 verbose parsed url   host: null,
16 verbose parsed url   port: null,
16 verbose parsed url   hostname: null,
16 verbose parsed url   hash: null,
16 verbose parsed url   search: null,
16 verbose parsed url   query: null,
16 verbose parsed url   pathname: '^0.3.1',
16 verbose parsed url   path: '^0.3.1',
16 verbose parsed url   href: '^0.3.1' }
17 verbose addNamed [ 'gulp-clean', '^0.3.1' ]
18 verbose addNamed [ null, '>=0.3.1-0 <0.4.0-0' ]
19 verbose cache add [ 'gulp-if@^1.2.5', null ]
20 verbose cache add name=undefined spec="gulp-if@^1.2.5" args=["gulp-if@^1.2.5",null]
21 verbose parsed url { protocol: null,
21 verbose parsed url   slashes: null,
21 verbose parsed url   auth: null,
21 verbose parsed url   host: null,
21 verbose parsed url   port: null,
21 verbose parsed url   hostname: null,
21 verbose parsed url   hash: null,
21 verbose parsed url   search: null,
21 verbose parsed url   query: null,
21 verbose parsed url   pathname: 'gulp-if@^1.2.5',
21 verbose parsed url   path: 'gulp-if@^1.2.5',
21 verbose parsed url   href: 'gulp-if@^1.2.5' }
22 verbose cache add [ 'gulp-imagemin@^2.1.0', null ]
23 verbose cache add name=undefined spec="gulp-imagemin@^2.1.0" args=["gulp-imagemin@^2.1.0",null]
24 verbose parsed url { protocol: null,
24 verbose parsed url   slashes: null,
24 verbose parsed url   auth: null,
24 verbose parsed url   host: null,
24 verbose parsed url   port: null,
24 verbose parsed url   hostname: null,
24 verbose parsed url   hash: null,
24 verbose parsed url   search: null,
24 verbose parsed url   query: null,
24 verbose parsed url   pathname: 'gulp-imagemin@^2.1.0',
24 verbose parsed url   path: 'gulp-imagemin@^2.1.0',
24 verbose parsed url   href: 'gulp-imagemin@^2.1.0' }
25 verbose cache add name="gulp-file-include" spec="^0.8.0" args=["gulp-file-include","^0.8.0"]
26 verbose parsed url { protocol: null,
26 verbose parsed url   slashes: null,
26 verbose parsed url   auth: null,
26 verbose parsed url   host: null,
26 verbose parsed url   port: null,
26 verbose parsed url   hostname: null,
26 verbose parsed url   hash: null,
26 verbose parsed url   search: null,
26 verbose parsed url   query: null,
26 verbose parsed url   pathname: '^0.8.0',
26 verbose parsed url   path: '^0.8.0',
26 verbose parsed url   href: '^0.8.0' }
27 verbose addNamed [ 'gulp-file-include', '^0.8.0' ]
28 verbose addNamed [ null, '>=0.8.0-0 <0.9.0-0' ]
29 silly lockFile a388a01c-gulp-clean-0-3-1 gulp-clean@^0.3.1
30 verbose lock gulp-clean@^0.3.1 /Users/stephenyoung/.npm/a388a01c-gulp-clean-0-3-1.lock
31 silly lockFile 8441d3bc-gulp-file-include-0-8-0 gulp-file-include@^0.8.0
32 verbose lock gulp-file-include@^0.8.0 /Users/stephenyoung/.npm/8441d3bc-gulp-file-include-0-8-0.lock
33 verbose cache add name="gulp-if" spec="^1.2.5" args=["gulp-if","^1.2.5"]
34 verbose parsed url { protocol: null,
34 verbose parsed url   slashes: null,
34 verbose parsed url   auth: null,
34 verbose parsed url   host: null,
34 verbose parsed url   port: null,
34 verbose parsed url   hostname: null,
34 verbose parsed url   hash: null,
34 verbose parsed url   search: null,
34 verbose parsed url   query: null,
34 verbose parsed url   pathname: '^1.2.5',
34 verbose parsed url   path: '^1.2.5',
34 verbose parsed url   href: '^1.2.5' }
35 verbose addNamed [ 'gulp-if', '^1.2.5' ]
36 verbose addNamed [ null, '>=1.2.5-0 <2.0.0-0' ]
37 silly lockFile 96ce400c-gulp-if-1-2-5 gulp-if@^1.2.5
38 verbose lock gulp-if@^1.2.5 /Users/stephenyoung/.npm/96ce400c-gulp-if-1-2-5.lock
39 verbose cache add [ 'gulp-minify-css@^0.3.13', null ]
40 verbose cache add name=undefined spec="gulp-minify-css@^0.3.13" args=["gulp-minify-css@^0.3.13",null]
41 verbose parsed url { protocol: null,
41 verbose parsed url   slashes: null,
41 verbose parsed url   auth: null,
41 verbose parsed url   host: null,
41 verbose parsed url   port: null,
41 verbose parsed url   hostname: null,
41 verbose parsed url   hash: null,
41 verbose parsed url   search: null,
41 verbose parsed url   query: null,
41 verbose parsed url   pathname: 'gulp-minify-css@^0.3.13',
41 verbose parsed url   path: 'gulp-minify-css@^0.3.13',
41 verbose parsed url   href: 'gulp-minify-css@^0.3.13' }
42 verbose cache add [ 'gulp-notify@^2.1.0', null ]
43 verbose cache add name=undefined spec="gulp-notify@^2.1.0" args=["gulp-notify@^2.1.0",null]
44 verbose parsed url { protocol: null,
44 verbose parsed url   slashes: null,
44 verbose parsed url   auth: null,
44 verbose parsed url   host: null,
44 verbose parsed url   port: null,
44 verbose parsed url   hostname: null,
44 verbose parsed url   hash: null,
44 verbose parsed url   search: null,
44 verbose parsed url   query: null,
44 verbose parsed url   pathname: 'gulp-notify@^2.1.0',
44 verbose parsed url   path: 'gulp-notify@^2.1.0',
44 verbose parsed url   href: 'gulp-notify@^2.1.0' }
45 verbose cache add name="gulp-imagemin" spec="^2.1.0" args=["gulp-imagemin","^2.1.0"]
46 verbose parsed url { protocol: null,
46 verbose parsed url   slashes: null,
46 verbose parsed url   auth: null,
46 verbose parsed url   host: null,
46 verbose parsed url   port: null,
46 verbose parsed url   hostname: null,
46 verbose parsed url   hash: null,
46 verbose parsed url   search: null,
46 verbose parsed url   query: null,
46 verbose parsed url   pathname: '^2.1.0',
46 verbose parsed url   path: '^2.1.0',
46 verbose parsed url   href: '^2.1.0' }
47 verbose addNamed [ 'gulp-imagemin', '^2.1.0' ]
48 verbose addNamed [ null, '>=2.1.0-0 <3.0.0-0' ]
49 silly lockFile 4bc91826-gulp-imagemin-2-1-0 gulp-imagemin@^2.1.0
50 verbose lock gulp-imagemin@^2.1.0 /Users/stephenyoung/.npm/4bc91826-gulp-imagemin-2-1-0.lock
51 verbose cache add name="gulp-minify-css" spec="^0.3.13" args=["gulp-minify-css","^0.3.13"]
52 verbose parsed url { protocol: null,
52 verbose parsed url   slashes: null,
52 verbose parsed url   auth: null,
52 verbose parsed url   host: null,
52 verbose parsed url   port: null,
52 verbose parsed url   hostname: null,
52 verbose parsed url   hash: null,
52 verbose parsed url   search: null,
52 verbose parsed url   query: null,
52 verbose parsed url   pathname: '^0.3.13',
52 verbose parsed url   path: '^0.3.13',
52 verbose parsed url   href: '^0.3.13' }
53 verbose addNamed [ 'gulp-minify-css', '^0.3.13' ]
54 verbose addNamed [ null, '>=0.3.13-0 <0.4.0-0' ]
55 silly lockFile 35791a24-gulp-minify-css-0-3-13 gulp-minify-css@^0.3.13
56 verbose lock gulp-minify-css@^0.3.13 /Users/stephenyoung/.npm/35791a24-gulp-minify-css-0-3-13.lock
57 verbose cache add [ 'gulp-rename@^1.2.0', null ]
58 verbose cache add name=undefined spec="gulp-rename@^1.2.0" args=["gulp-rename@^1.2.0",null]
59 verbose parsed url { protocol: null,
59 verbose parsed url   slashes: null,
59 verbose parsed url   auth: null,
59 verbose parsed url   host: null,
59 verbose parsed url   port: null,
59 verbose parsed url   hostname: null,
59 verbose parsed url   hash: null,
59 verbose parsed url   search: null,
59 verbose parsed url   query: null,
59 verbose parsed url   pathname: 'gulp-rename@^1.2.0',
59 verbose parsed url   path: 'gulp-rename@^1.2.0',
59 verbose parsed url   href: 'gulp-rename@^1.2.0' }
60 verbose cache add name="gulp-notify" spec="^2.1.0" args=["gulp-notify","^2.1.0"]
61 verbose parsed url { protocol: null,
61 verbose parsed url   slashes: null,
61 verbose parsed url   auth: null,
61 verbose parsed url   host: null,
61 verbose parsed url   port: null,
61 verbose parsed url   hostname: null,
61 verbose parsed url   hash: null,
61 verbose parsed url   search: null,
61 verbose parsed url   query: null,
61 verbose parsed url   pathname: '^2.1.0',
61 verbose parsed url   path: '^2.1.0',
61 verbose parsed url   href: '^2.1.0' }
62 verbose addNamed [ 'gulp-notify', '^2.1.0' ]
63 verbose addNamed [ null, '>=2.1.0-0 <3.0.0-0' ]
64 silly lockFile 06ce4f1d-gulp-notify-2-1-0 gulp-notify@^2.1.0
65 verbose lock gulp-notify@^2.1.0 /Users/stephenyoung/.npm/06ce4f1d-gulp-notify-2-1-0.lock
66 verbose cache add [ 'gulp-sass@*', null ]
67 verbose cache add name=undefined spec="gulp-sass@*" args=["gulp-sass@*",null]
68 verbose parsed url { protocol: null,
68 verbose parsed url   slashes: null,
68 verbose parsed url   auth: null,
68 verbose parsed url   host: null,
68 verbose parsed url   port: null,
68 verbose parsed url   hostname: null,
68 verbose parsed url   hash: null,
68 verbose parsed url   search: null,
68 verbose parsed url   query: null,
68 verbose parsed url   pathname: 'gulp-sass@*',
68 verbose parsed url   path: 'gulp-sass@*',
68 verbose parsed url   href: 'gulp-sass@*' }
69 verbose cache add name="gulp-rename" spec="^1.2.0" args=["gulp-rename","^1.2.0"]
70 verbose parsed url { protocol: null,
70 verbose parsed url   slashes: null,
70 verbose parsed url   auth: null,
70 verbose parsed url   host: null,
70 verbose parsed url   port: null,
70 verbose parsed url   hostname: null,
70 verbose parsed url   hash: null,
70 verbose parsed url   search: null,
70 verbose parsed url   query: null,
70 verbose parsed url   pathname: '^1.2.0',
70 verbose parsed url   path: '^1.2.0',
70 verbose parsed url   href: '^1.2.0' }
71 verbose addNamed [ 'gulp-rename', '^1.2.0' ]
72 verbose addNamed [ null, '>=1.2.0-0 <2.0.0-0' ]
73 silly lockFile 31cef36d-gulp-rename-1-2-0 gulp-rename@^1.2.0
74 verbose lock gulp-rename@^1.2.0 /Users/stephenyoung/.npm/31cef36d-gulp-rename-1-2-0.lock
75 silly addNameRange { name: 'gulp-clean',
75 silly addNameRange   range: '>=0.3.1-0 <0.4.0-0',
75 silly addNameRange   hasData: false }
76 silly addNameRange { name: 'gulp-file-include',
76 silly addNameRange   range: '>=0.8.0-0 <0.9.0-0',
76 silly addNameRange   hasData: false }
77 silly addNameRange { name: 'gulp-if', range: '>=1.2.5-0 <2.0.0-0', hasData: false }
78 silly addNameRange { name: 'gulp-imagemin',
78 silly addNameRange   range: '>=2.1.0-0 <3.0.0-0',
78 silly addNameRange   hasData: false }
79 verbose cache add [ 'gulp-scss-lint@*', null ]
80 verbose cache add name=undefined spec="gulp-scss-lint@*" args=["gulp-scss-lint@*",null]
81 verbose parsed url { protocol: null,
81 verbose parsed url   slashes: null,
81 verbose parsed url   auth: null,
81 verbose parsed url   host: null,
81 verbose parsed url   port: null,
81 verbose parsed url   hostname: null,
81 verbose parsed url   hash: null,
81 verbose parsed url   search: null,
81 verbose parsed url   query: null,
81 verbose parsed url   pathname: 'gulp-scss-lint@*',
81 verbose parsed url   path: 'gulp-scss-lint@*',
81 verbose parsed url   href: 'gulp-scss-lint@*' }
82 verbose cache add [ 'gulp-uglify@^1.1.0', null ]
83 verbose cache add name=undefined spec="gulp-uglify@^1.1.0" args=["gulp-uglify@^1.1.0",null]
84 verbose parsed url { protocol: null,
84 verbose parsed url   slashes: null,
84 verbose parsed url   auth: null,
84 verbose parsed url   host: null,
84 verbose parsed url   port: null,
84 verbose parsed url   hostname: null,
84 verbose parsed url   hash: null,
84 verbose parsed url   search: null,
84 verbose parsed url   query: null,
84 verbose parsed url   pathname: 'gulp-uglify@^1.1.0',
84 verbose parsed url   path: 'gulp-uglify@^1.1.0',
84 verbose parsed url   href: 'gulp-uglify@^1.1.0' }
85 verbose cache add [ 'gulp-useref@^1.1.1', null ]
86 verbose cache add name=undefined spec="gulp-useref@^1.1.1" args=["gulp-useref@^1.1.1",null]
87 verbose parsed url { protocol: null,
87 verbose parsed url   slashes: null,
87 verbose parsed url   auth: null,
87 verbose parsed url   host: null,
87 verbose parsed url   port: null,
87 verbose parsed url   hostname: null,
87 verbose parsed url   hash: null,
87 verbose parsed url   search: null,
87 verbose parsed url   query: null,
87 verbose parsed url   pathname: 'gulp-useref@^1.1.1',
87 verbose parsed url   path: 'gulp-useref@^1.1.1',
87 verbose parsed url   href: 'gulp-useref@^1.1.1' }
88 verbose cache add [ 'imagemin-pngquant@^4.0.0', null ]
89 verbose cache add name=undefined spec="imagemin-pngquant@^4.0.0" args=["imagemin-pngquant@^4.0.0",null]
90 verbose parsed url { protocol: null,
90 verbose parsed url   slashes: null,
90 verbose parsed url   auth: null,
90 verbose parsed url   host: null,
90 verbose parsed url   port: null,
90 verbose parsed url   hostname: null,
90 verbose parsed url   hash: null,
90 verbose parsed url   search: null,
90 verbose parsed url   query: null,
90 verbose parsed url   pathname: 'imagemin-pngquant@^4.0.0',
90 verbose parsed url   path: 'imagemin-pngquant@^4.0.0',
90 verbose parsed url   href: 'imagemin-pngquant@^4.0.0' }
91 verbose cache add [ 'streamjs@^1.3.0', null ]
92 verbose cache add name=undefined spec="streamjs@^1.3.0" args=["streamjs@^1.3.0",null]
93 verbose parsed url { protocol: null,
93 verbose parsed url   slashes: null,
93 verbose parsed url   auth: null,
93 verbose parsed url   host: null,
93 verbose parsed url   port: null,
93 verbose parsed url   hostname: null,
93 verbose parsed url   hash: null,
93 verbose parsed url   search: null,
93 verbose parsed url   query: null,
93 verbose parsed url   pathname: 'streamjs@^1.3.0',
93 verbose parsed url   path: 'streamjs@^1.3.0',
93 verbose parsed url   href: 'streamjs@^1.3.0' }
94 verbose cache add name="gulp-sass" spec="*" args=["gulp-sass","*"]
95 verbose parsed url { protocol: null,
95 verbose parsed url   slashes: null,
95 verbose parsed url   auth: null,
95 verbose parsed url   host: null,
95 verbose parsed url   port: null,
95 verbose parsed url   hostname: null,
95 verbose parsed url   hash: null,
95 verbose parsed url   search: null,
95 verbose parsed url   query: null,
95 verbose parsed url   pathname: '*',
95 verbose parsed url   path: '*',
95 verbose parsed url   href: '*' }
96 verbose addNamed [ 'gulp-sass', '*' ]
97 verbose addNamed [ null, '*' ]
98 silly lockFile 85a075d2-gulp-sass gulp-sass@*
99 verbose lock gulp-sass@* /Users/stephenyoung/.npm/85a075d2-gulp-sass.lock
100 silly addNameRange { name: 'gulp-minify-css',
100 silly addNameRange   range: '>=0.3.13-0 <0.4.0-0',
100 silly addNameRange   hasData: false }
101 verbose cache add name="gulp-scss-lint" spec="*" args=["gulp-scss-lint","*"]
102 verbose parsed url { protocol: null,
102 verbose parsed url   slashes: null,
102 verbose parsed url   auth: null,
102 verbose parsed url   host: null,
102 verbose parsed url   port: null,
102 verbose parsed url   hostname: null,
102 verbose parsed url   hash: null,
102 verbose parsed url   search: null,
102 verbose parsed url   query: null,
102 verbose parsed url   pathname: '*',
102 verbose parsed url   path: '*',
102 verbose parsed url   href: '*' }
103 verbose addNamed [ 'gulp-scss-lint', '*' ]
104 verbose addNamed [ null, '*' ]
105 silly lockFile 5c08cfa1-gulp-scss-lint gulp-scss-lint@*
106 verbose lock gulp-scss-lint@* /Users/stephenyoung/.npm/5c08cfa1-gulp-scss-lint.lock
107 verbose cache add name="gulp-uglify" spec="^1.1.0" args=["gulp-uglify","^1.1.0"]
108 verbose parsed url { protocol: null,
108 verbose parsed url   slashes: null,
108 verbose parsed url   auth: null,
108 verbose parsed url   host: null,
108 verbose parsed url   port: null,
108 verbose parsed url   hostname: null,
108 verbose parsed url   hash: null,
108 verbose parsed url   search: null,
108 verbose parsed url   query: null,
108 verbose parsed url   pathname: '^1.1.0',
108 verbose parsed url   path: '^1.1.0',
108 verbose parsed url   href: '^1.1.0' }
109 verbose addNamed [ 'gulp-uglify', '^1.1.0' ]
110 verbose addNamed [ null, '>=1.1.0-0 <2.0.0-0' ]
111 silly lockFile f336d083-gulp-uglify-1-1-0 gulp-uglify@^1.1.0
112 verbose lock gulp-uglify@^1.1.0 /Users/stephenyoung/.npm/f336d083-gulp-uglify-1-1-0.lock
113 verbose cache add name="gulp-useref" spec="^1.1.1" args=["gulp-useref","^1.1.1"]
114 verbose parsed url { protocol: null,
114 verbose parsed url   slashes: null,
114 verbose parsed url   auth: null,
114 verbose parsed url   host: null,
114 verbose parsed url   port: null,
114 verbose parsed url   hostname: null,
114 verbose parsed url   hash: null,
114 verbose parsed url   search: null,
114 verbose parsed url   query: null,
114 verbose parsed url   pathname: '^1.1.1',
114 verbose parsed url   path: '^1.1.1',
114 verbose parsed url   href: '^1.1.1' }
115 verbose addNamed [ 'gulp-useref', '^1.1.1' ]
116 verbose addNamed [ null, '>=1.1.1-0 <2.0.0-0' ]
117 silly lockFile aa9bb8d9-gulp-useref-1-1-1 gulp-useref@^1.1.1
118 verbose lock gulp-useref@^1.1.1 /Users/stephenyoung/.npm/aa9bb8d9-gulp-useref-1-1-1.lock
119 verbose cache add name="imagemin-pngquant" spec="^4.0.0" args=["imagemin-pngquant","^4.0.0"]
120 verbose parsed url { protocol: null,
120 verbose parsed url   slashes: null,
120 verbose parsed url   auth: null,
120 verbose parsed url   host: null,
120 verbose parsed url   port: null,
120 verbose parsed url   hostname: null,
120 verbose parsed url   hash: null,
120 verbose parsed url   search: null,
120 verbose parsed url   query: null,
120 verbose parsed url   pathname: '^4.0.0',
120 verbose parsed url   path: '^4.0.0',
120 verbose parsed url   href: '^4.0.0' }
121 verbose addNamed [ 'imagemin-pngquant', '^4.0.0' ]
122 verbose addNamed [ null, '>=4.0.0-0 <5.0.0-0' ]
123 silly lockFile 487947b1-imagemin-pngquant-4-0-0 imagemin-pngquant@^4.0.0
124 verbose lock imagemin-pngquant@^4.0.0 /Users/stephenyoung/.npm/487947b1-imagemin-pngquant-4-0-0.lock
125 verbose cache add [ 'gulp@*', null ]
126 verbose cache add name=undefined spec="gulp@*" args=["gulp@*",null]
127 verbose parsed url { protocol: null,
127 verbose parsed url   slashes: null,
127 verbose parsed url   auth: null,
127 verbose parsed url   host: null,
127 verbose parsed url   port: null,
127 verbose parsed url   hostname: null,
127 verbose parsed url   hash: null,
127 verbose parsed url   search: null,
127 verbose parsed url   query: null,
127 verbose parsed url   pathname: 'gulp@*',
127 verbose parsed url   path: 'gulp@*',
127 verbose parsed url   href: 'gulp@*' }
128 verbose cache add name="streamjs" spec="^1.3.0" args=["streamjs","^1.3.0"]
129 verbose parsed url { protocol: null,
129 verbose parsed url   slashes: null,
129 verbose parsed url   auth: null,
129 verbose parsed url   host: null,
129 verbose parsed url   port: null,
129 verbose parsed url   hostname: null,
129 verbose parsed url   hash: null,
129 verbose parsed url   search: null,
129 verbose parsed url   query: null,
129 verbose parsed url   pathname: '^1.3.0',
129 verbose parsed url   path: '^1.3.0',
129 verbose parsed url   href: '^1.3.0' }
130 verbose addNamed [ 'streamjs', '^1.3.0' ]
131 verbose addNamed [ null, '>=1.3.0-0 <2.0.0-0' ]
132 silly lockFile f1814a89-streamjs-1-3-0 streamjs@^1.3.0
133 verbose lock streamjs@^1.3.0 /Users/stephenyoung/.npm/f1814a89-streamjs-1-3-0.lock
134 silly addNameRange { name: 'gulp-notify',
134 silly addNameRange   range: '>=2.1.0-0 <3.0.0-0',
134 silly addNameRange   hasData: false }
135 silly addNameRange { name: 'gulp-rename',
135 silly addNameRange   range: '>=1.2.0-0 <2.0.0-0',
135 silly addNameRange   hasData: false }
136 verbose cache add name="gulp" spec="*" args=["gulp","*"]
137 verbose parsed url { protocol: null,
137 verbose parsed url   slashes: null,
137 verbose parsed url   auth: null,
137 verbose parsed url   host: null,
137 verbose parsed url   port: null,
137 verbose parsed url   hostname: null,
137 verbose parsed url   hash: null,
137 verbose parsed url   search: null,
137 verbose parsed url   query: null,
137 verbose parsed url   pathname: '*',
137 verbose parsed url   path: '*',
137 verbose parsed url   href: '*' }
138 verbose addNamed [ 'gulp', '*' ]
139 verbose addNamed [ null, '*' ]
140 silly lockFile 51046861-gulp gulp@*
141 verbose lock gulp@* /Users/stephenyoung/.npm/51046861-gulp.lock
142 silly addNameRange { name: 'gulp-sass', range: '*', hasData: false }
143 silly addNameRange { name: 'gulp-scss-lint', range: '*', hasData: false }
144 silly addNameRange { name: 'gulp-uglify',
144 silly addNameRange   range: '>=1.1.0-0 <2.0.0-0',
144 silly addNameRange   hasData: false }
145 silly addNameRange { name: 'gulp-useref',
145 silly addNameRange   range: '>=1.1.1-0 <2.0.0-0',
145 silly addNameRange   hasData: false }
146 silly addNameRange { name: 'imagemin-pngquant',
146 silly addNameRange   range: '>=4.0.0-0 <5.0.0-0',
146 silly addNameRange   hasData: false }
147 silly addNameRange { name: 'streamjs', range: '>=1.3.0-0 <2.0.0-0', hasData: false }
148 silly addNameRange { name: 'gulp', range: '*', hasData: false }
149 verbose request where is /gulp-clean
150 verbose request registry https://registry.npmjs.org/
151 verbose request id 1ff7e72b916a6c4e
152 verbose url raw /gulp-clean
153 verbose url resolving [ 'https://registry.npmjs.org/', './gulp-clean' ]
154 verbose url resolved https://registry.npmjs.org/gulp-clean
155 verbose request where is https://registry.npmjs.org/gulp-clean
156 info trying registry request attempt 1 at 21:11:27
157 verbose etag "73CRR707PGF61SE641K700LN8"
158 http GET https://registry.npmjs.org/gulp-clean
159 verbose request where is /gulp-file-include
160 verbose request registry https://registry.npmjs.org/
161 verbose url raw /gulp-file-include
162 verbose url resolving [ 'https://registry.npmjs.org/', './gulp-file-include' ]
163 verbose url resolved https://registry.npmjs.org/gulp-file-include
164 verbose request where is https://registry.npmjs.org/gulp-file-include
165 info trying registry request attempt 1 at 21:11:27
166 verbose etag "AGDDNC3AITQLGPHSD22MNZT65"
167 http GET https://registry.npmjs.org/gulp-file-include
168 verbose request where is /gulp-if
169 verbose request registry https://registry.npmjs.org/
170 verbose url raw /gulp-if
171 verbose url resolving [ 'https://registry.npmjs.org/', './gulp-if' ]
172 verbose url resolved https://registry.npmjs.org/gulp-if
173 verbose request where is https://registry.npmjs.org/gulp-if
174 info trying registry request attempt 1 at 21:11:27
175 verbose etag "6FOU4RIND22H6LBX521SMKEBB"
176 http GET https://registry.npmjs.org/gulp-if
177 verbose request where is /gulp-imagemin
178 verbose request registry https://registry.npmjs.org/
179 verbose url raw /gulp-imagemin
180 verbose url resolving [ 'https://registry.npmjs.org/', './gulp-imagemin' ]
181 verbose url resolved https://registry.npmjs.org/gulp-imagemin
182 verbose request where is https://registry.npmjs.org/gulp-imagemin
183 info trying registry request attempt 1 at 21:11:27
184 verbose etag "3N4BGCZ8W709WVINSBH58J9L9"
185 http GET https://registry.npmjs.org/gulp-imagemin
186 verbose request where is /gulp-minify-css
187 verbose request registry https://registry.npmjs.org/
188 verbose url raw /gulp-minify-css
189 verbose url resolving [ 'https://registry.npmjs.org/', './gulp-minify-css' ]
190 verbose url resolved https://registry.npmjs.org/gulp-minify-css
191 verbose request where is https://registry.npmjs.org/gulp-minify-css
192 info trying registry request attempt 1 at 21:11:27
193 verbose etag "7FSSLSODYNXN1EZ5HETEQYWYW"
194 http GET https://registry.npmjs.org/gulp-minify-css
195 verbose request where is /gulp-notify
196 verbose request registry https://registry.npmjs.org/
197 verbose url raw /gulp-notify
198 verbose url resolving [ 'https://registry.npmjs.org/', './gulp-notify' ]
199 verbose url resolved https://registry.npmjs.org/gulp-notify
200 verbose request where is https://registry.npmjs.org/gulp-notify
201 info trying registry request attempt 1 at 21:11:27
202 verbose etag "F4QB6AB0P38XJ3Y19HD8TGZLP"
203 http GET https://registry.npmjs.org/gulp-notify
204 verbose request where is /gulp-rename
205 verbose request registry https://registry.npmjs.org/
206 verbose url raw /gulp-rename
207 verbose url resolving [ 'https://registry.npmjs.org/', './gulp-rename' ]
208 verbose url resolved https://registry.npmjs.org/gulp-rename
209 verbose request where is https://registry.npmjs.org/gulp-rename
210 info trying registry request attempt 1 at 21:11:27
211 verbose etag "5KMQD77HZ0X3HHVQIDTRDV6BF"
212 http GET https://registry.npmjs.org/gulp-rename
213 verbose request where is /gulp-sass
214 verbose request registry https://registry.npmjs.org/
215 verbose url raw /gulp-sass
216 verbose url resolving [ 'https://registry.npmjs.org/', './gulp-sass' ]
217 verbose url resolved https://registry.npmjs.org/gulp-sass
218 verbose request where is https://registry.npmjs.org/gulp-sass
219 info trying registry request attempt 1 at 21:11:27
220 verbose etag "4EPL8T7RGZMYRY6V2ICWOXJWQ"
221 http GET https://registry.npmjs.org/gulp-sass
222 verbose request where is /gulp-uglify
223 verbose request registry https://registry.npmjs.org/
224 verbose url raw /gulp-uglify
225 verbose url resolving [ 'https://registry.npmjs.org/', './gulp-uglify' ]
226 verbose url resolved https://registry.npmjs.org/gulp-uglify
227 verbose request where is https://registry.npmjs.org/gulp-uglify
228 info trying registry request attempt 1 at 21:11:27
229 verbose etag "3UVOJT5ZIADDPTIEFLTIJ84PU"
230 http GET https://registry.npmjs.org/gulp-uglify
231 verbose request where is /gulp-scss-lint
232 verbose request registry https://registry.npmjs.org/
233 verbose url raw /gulp-scss-lint
234 verbose url resolving [ 'https://registry.npmjs.org/', './gulp-scss-lint' ]
235 verbose url resolved https://registry.npmjs.org/gulp-scss-lint
236 verbose request where is https://registry.npmjs.org/gulp-scss-lint
237 info trying registry request attempt 1 at 21:11:27
238 verbose etag "75CPZ6ZRSIQC0XZGMCBARHZCW"
239 http GET https://registry.npmjs.org/gulp-scss-lint
240 verbose request where is /gulp-useref
241 verbose request registry https://registry.npmjs.org/
242 verbose url raw /gulp-useref
243 verbose url resolving [ 'https://registry.npmjs.org/', './gulp-useref' ]
244 verbose url resolved https://registry.npmjs.org/gulp-useref
245 verbose request where is https://registry.npmjs.org/gulp-useref
246 info trying registry request attempt 1 at 21:11:27
247 verbose etag "1S9CNBW0XXYC2XC2EZSCLEPAE"
248 http GET https://registry.npmjs.org/gulp-useref
249 verbose request where is /imagemin-pngquant
250 verbose request registry https://registry.npmjs.org/
251 verbose url raw /imagemin-pngquant
252 verbose url resolving [ 'https://registry.npmjs.org/', './imagemin-pngquant' ]
253 verbose url resolved https://registry.npmjs.org/imagemin-pngquant
254 verbose request where is https://registry.npmjs.org/imagemin-pngquant
255 info trying registry request attempt 1 at 21:11:27
256 verbose etag "BCLR33YM1NPXHQTWHMXLPVBIE"
257 http GET https://registry.npmjs.org/imagemin-pngquant
258 verbose request where is /streamjs
259 verbose request registry https://registry.npmjs.org/
260 verbose url raw /streamjs
261 verbose url resolving [ 'https://registry.npmjs.org/', './streamjs' ]
262 verbose url resolved https://registry.npmjs.org/streamjs
263 verbose request where is https://registry.npmjs.org/streamjs
264 info trying registry request attempt 1 at 21:11:27
265 verbose etag "D0JIBFTX02UPNTS5WKEHVBQ9I"
266 http GET https://registry.npmjs.org/streamjs
267 verbose request where is /gulp
268 verbose request registry https://registry.npmjs.org/
269 verbose url raw /gulp
270 verbose url resolving [ 'https://registry.npmjs.org/', './gulp' ]
271 verbose url resolved https://registry.npmjs.org/gulp
272 verbose request where is https://registry.npmjs.org/gulp
273 info trying registry request attempt 1 at 21:11:27
274 verbose etag "5BOYMVCPS7ACC6VT4E9RMEAJ5"
275 http GET https://registry.npmjs.org/gulp
276 http 200 https://registry.npmjs.org/gulp-imagemin
277 silly registry.get cb [ 200,
277 silly registry.get   { date: 'Sun, 15 Feb 2015 02:11:27 GMT',
277 silly registry.get     server: 'CouchDB/1.6.1 (Erlang OTP/R14B04)',
277 silly registry.get     etag: '"C5VTPPEQBMU4GZKQLLU4M6B17"',
277 silly registry.get     'content-type': 'application/json',
277 silly registry.get     'cache-control': 'max-age=60',
277 silly registry.get     'content-length': '31861',
277 silly registry.get     'accept-ranges': 'bytes',
277 silly registry.get     via: '1.1 varnish',
277 silly registry.get     age: '0',
277 silly registry.get     'x-served-by': 'cache-jfk1031-JFK',
277 silly registry.get     'x-cache': 'HIT',
277 silly registry.get     'x-cache-hits': '1',
277 silly registry.get     'x-timer': 'S1423966287.566186,VS0,VE14',
277 silly registry.get     vary: 'Accept',
277 silly registry.get     'keep-alive': 'timeout=10, max=50',
277 silly registry.get     connection: 'Keep-Alive' } ]
278 http 200 https://registry.npmjs.org/gulp-if
279 silly registry.get cb [ 200,
279 silly registry.get   { date: 'Sun, 15 Feb 2015 02:11:27 GMT',
279 silly registry.get     server: 'CouchDB/1.5.0 (Erlang OTP/R16B03)',
279 silly registry.get     etag: '"AWT8KZSRNULD6Z1XTA5TZXZ8B"',
279 silly registry.get     'content-type': 'application/json',
279 silly registry.get     'cache-control': 'max-age=60',
279 silly registry.get     'content-length': '22820',
279 silly registry.get     'accept-ranges': 'bytes',
279 silly registry.get     via: '1.1 varnish',
279 silly registry.get     age: '0',
279 silly registry.get     'x-served-by': 'cache-jfk1035-JFK',
279 silly registry.get     'x-cache': 'MISS',
279 silly registry.get     'x-cache-hits': '0',
279 silly registry.get     'x-timer': 'S1423966287.569502,VS0,VE14',
279 silly registry.get     vary: 'Accept',
279 silly registry.get     'keep-alive': 'timeout=10, max=50',
279 silly registry.get     connection: 'Keep-Alive' } ]
280 silly addNameRange number 2 { name: 'gulp-imagemin',
280 silly addNameRange   range: '>=2.1.0-0 <3.0.0-0',
280 silly addNameRange   hasData: true }
281 silly addNameRange versions [ 'gulp-imagemin',
281 silly addNameRange   [ '0.1.0',
281 silly addNameRange     '0.1.1',
281 silly addNameRange     '0.1.2',
281 silly addNameRange     '0.1.3',
281 silly addNameRange     '0.1.4',
281 silly addNameRange     '0.1.5',
281 silly addNameRange     '0.2.0',
281 silly addNameRange     '0.3.0',
281 silly addNameRange     '0.4.0',
281 silly addNameRange     '0.5.0',
281 silly addNameRange     '0.5.1',
281 silly addNameRange     '0.6.0',
281 silly addNameRange     '0.6.1',
281 silly addNameRange     '0.6.2',
281 silly addNameRange     '1.0.0',
281 silly addNameRange     '1.0.1',
281 silly addNameRange     '1.1.0',
281 silly addNameRange     '1.2.1',
281 silly addNameRange     '2.0.0',
281 silly addNameRange     '2.1.0',
281 silly addNameRange     '2.2.0' ] ]
282 verbose addNamed [ 'gulp-imagemin', '2.2.0' ]
283 verbose addNamed [ '2.2.0', '2.2.0' ]
284 silly lockFile f98d44f5-gulp-imagemin-2-2-0 gulp-imagemin@2.2.0
285 verbose lock gulp-imagemin@2.2.0 /Users/stephenyoung/.npm/f98d44f5-gulp-imagemin-2-2-0.lock
286 silly addNameRange number 2 { name: 'gulp-if', range: '>=1.2.5-0 <2.0.0-0', hasData: true }
287 silly addNameRange versions [ 'gulp-if',
287 silly addNameRange   [ '0.0.3',
287 silly addNameRange     '0.0.4',
287 silly addNameRange     '0.0.5',
287 silly addNameRange     '1.0.0',
287 silly addNameRange     '1.1.0',
287 silly addNameRange     '1.2.0',
287 silly addNameRange     '1.2.1',
287 silly addNameRange     '1.2.2',
287 silly addNameRange     '1.2.3',
287 silly addNameRange     '1.2.4',
287 silly addNameRange     '1.2.5' ] ]
288 verbose addNamed [ 'gulp-if', '1.2.5' ]
289 verbose addNamed [ '1.2.5', '1.2.5' ]
290 silly lockFile b6784936-gulp-if-1-2-5 gulp-if@1.2.5
291 verbose lock gulp-if@1.2.5 /Users/stephenyoung/.npm/b6784936-gulp-if-1-2-5.lock
292 silly lockFile 8a7637b2-imagemin-gulp-imagemin-2-2-0-tgz https://registry.npmjs.org/gulp-imagemin/-/gulp-imagemin-2.2.0.tgz
293 verbose lock https://registry.npmjs.org/gulp-imagemin/-/gulp-imagemin-2.2.0.tgz /Users/stephenyoung/.npm/8a7637b2-imagemin-gulp-imagemin-2-2-0-tgz.lock
294 verbose addRemoteTarball [ 'https://registry.npmjs.org/gulp-imagemin/-/gulp-imagemin-2.2.0.tgz',
294 verbose addRemoteTarball   '5fc8c2c57476e4abd9a2c047d454138d9a68567e' ]
295 silly lockFile b6784936-gulp-if-1-2-5 gulp-if@1.2.5
296 silly lockFile b6784936-gulp-if-1-2-5 gulp-if@1.2.5
297 silly lockFile 96ce400c-gulp-if-1-2-5 gulp-if@^1.2.5
298 silly lockFile 96ce400c-gulp-if-1-2-5 gulp-if@^1.2.5
299 info retry fetch attempt 1 at 21:11:27
300 verbose fetch to= /var/folders/9r/0_56wf993x7gwb297mpxlvcw0000gn/T/npm-67254-QvOxaifY/registry.npmjs.org/gulp-imagemin/-/gulp-imagemin-2.2.0.tgz
301 http GET https://registry.npmjs.org/gulp-imagemin/-/gulp-imagemin-2.2.0.tgz
302 http 200 https://registry.npmjs.org/gulp-rename
303 silly registry.get cb [ 200,
303 silly registry.get   { date: 'Sun, 15 Feb 2015 02:11:27 GMT',
303 silly registry.get     server: 'CouchDB/1.5.0 (Erlang OTP/R16B03)',
303 silly registry.get     etag: '"8XOMVO8XVZYA0U09541NIXCZH"',
303 silly registry.get     'content-type': 'application/json',
303 silly registry.get     'cache-control': 'max-age=60',
303 silly registry.get     'content-length': '10097',
303 silly registry.get     'accept-ranges': 'bytes',
303 silly registry.get     via: '1.1 varnish',
303 silly registry.get     age: '8',
303 silly registry.get     'x-served-by': 'cache-jfk1035-JFK',
303 silly registry.get     'x-cache': 'HIT',
303 silly registry.get     'x-cache-hits': '1',
303 silly registry.get     'x-timer': 'S1423966287.647586,VS0,VE0',
303 silly registry.get     vary: 'Accept',
303 silly registry.get     'keep-alive': 'timeout=10, max=49',
303 silly registry.get     connection: 'Keep-Alive' } ]
304 silly addNameRange number 2 { name: 'gulp-rename',
304 silly addNameRange   range: '>=1.2.0-0 <2.0.0-0',
304 silly addNameRange   hasData: true }
305 silly addNameRange versions [ 'gulp-rename',
305 silly addNameRange   [ '0.1.0', '0.2.1', '0.2.2', '1.0.0', '1.1.0', '1.2.0' ] ]
306 verbose addNamed [ 'gulp-rename', '1.2.0' ]
307 verbose addNamed [ '1.2.0', '1.2.0' ]
308 silly lockFile 5981c611-gulp-rename-1-2-0 gulp-rename@1.2.0
309 verbose lock gulp-rename@1.2.0 /Users/stephenyoung/.npm/5981c611-gulp-rename-1-2-0.lock
310 silly lockFile 5981c611-gulp-rename-1-2-0 gulp-rename@1.2.0
311 silly lockFile 5981c611-gulp-rename-1-2-0 gulp-rename@1.2.0
312 silly lockFile 31cef36d-gulp-rename-1-2-0 gulp-rename@^1.2.0
313 silly lockFile 31cef36d-gulp-rename-1-2-0 gulp-rename@^1.2.0
314 http 200 https://registry.npmjs.org/gulp-sass
315 silly registry.get cb [ 200,
315 silly registry.get   { date: 'Sun, 15 Feb 2015 02:11:27 GMT',
315 silly registry.get     server: 'CouchDB/1.5.0 (Erlang OTP/R16B03)',
315 silly registry.get     etag: '"E1HCVKG4IX973TCTRF54FK7WI"',
315 silly registry.get     'content-type': 'application/json',
315 silly registry.get     'cache-control': 'max-age=60',
315 silly registry.get     'content-length': '32010',
315 silly registry.get     'accept-ranges': 'bytes',
315 silly registry.get     via: '1.1 varnish',
315 silly registry.get     age: '2',
315 silly registry.get     'x-served-by': 'cache-jfk1035-JFK',
315 silly registry.get     'x-cache': 'HIT',
315 silly registry.get     'x-cache-hits': '1',
315 silly registry.get     'x-timer': 'S1423966287.675648,VS0,VE0',
315 silly registry.get     vary: 'Accept',
315 silly registry.get     'keep-alive': 'timeout=10, max=48',
315 silly registry.get     connection: 'Keep-Alive' } ]
316 silly addNameRange number 2 { name: 'gulp-sass', range: '*', hasData: true }
317 silly addNameRange versions [ 'gulp-sass',
317 silly addNameRange   [ '0.1.0',
317 silly addNameRange     '0.2.1',
317 silly addNameRange     '0.2.2',
317 silly addNameRange     '0.2.3',
317 silly addNameRange     '0.3.0',
317 silly addNameRange     '0.4.0',
317 silly addNameRange     '0.4.1',
317 silly addNameRange     '0.5.0',
317 silly addNameRange     '0.5.1',
317 silly addNameRange     '0.5.2',
317 silly addNameRange     '0.6.0',
317 silly addNameRange     '0.7.0',
317 silly addNameRange     '0.7.1',
317 silly addNameRange     '0.7.2',
317 silly addNameRange     '0.7.3',
317 silly addNameRange     '1.0.0',
317 silly addNameRange     '1.1.0',
317 silly addNameRange     '1.2.0',
317 silly addNameRange     '1.2.1',
317 silly addNameRange     '1.2.2',
317 silly addNameRange     '1.2.3',
317 silly addNameRange     '1.2.4',
317 silly addNameRange     '1.3.0',
317 silly addNameRange     '1.3.1',
317 silly addNameRange     '1.3.2',
317 silly addNameRange     '1.3.3' ] ]
318 verbose addNamed [ 'gulp-sass', '1.3.3' ]
319 verbose addNamed [ '1.3.3', '1.3.3' ]
320 silly lockFile bd3023a4-gulp-sass-1-3-3 gulp-sass@1.3.3
321 verbose lock gulp-sass@1.3.3 /Users/stephenyoung/.npm/bd3023a4-gulp-sass-1-3-3.lock
322 silly lockFile 9876ba90-rg-gulp-sass-gulp-sass-1-3-3-tgz https://registry.npmjs.org/gulp-sass/-/gulp-sass-1.3.3.tgz
323 verbose lock https://registry.npmjs.org/gulp-sass/-/gulp-sass-1.3.3.tgz /Users/stephenyoung/.npm/9876ba90-rg-gulp-sass-gulp-sass-1-3-3-tgz.lock
324 verbose addRemoteTarball [ 'https://registry.npmjs.org/gulp-sass/-/gulp-sass-1.3.3.tgz',
324 verbose addRemoteTarball   '66da87646bbfd299988c8ebbe94cefaff50e5662' ]
325 info retry fetch attempt 1 at 21:11:27
326 verbose fetch to= /var/folders/9r/0_56wf993x7gwb297mpxlvcw0000gn/T/npm-67254-QvOxaifY/registry.npmjs.org/gulp-sass/-/gulp-sass-1.3.3.tgz
327 http GET https://registry.npmjs.org/gulp-sass/-/gulp-sass-1.3.3.tgz
328 http 200 https://registry.npmjs.org/gulp-minify-css
329 silly registry.get cb [ 200,
329 silly registry.get   { date: 'Sun, 15 Feb 2015 02:11:27 GMT',
329 silly registry.get     server: 'CouchDB/1.5.0 (Erlang OTP/R16B03)',
329 silly registry.get     etag: '"28APYN9NY2I1Y7209NJCOEY50"',
329 silly registry.get     'content-type': 'application/json',
329 silly registry.get     'cache-control': 'max-age=60',
329 silly registry.get     'content-length': '34900',
329 silly registry.get     'accept-ranges': 'bytes',
329 silly registry.get     via: '1.1 varnish',
329 silly registry.get     age: '0',
329 silly registry.get     'x-served-by': 'cache-jfk1024-JFK',
329 silly registry.get     'x-cache': 'HIT',
329 silly registry.get     'x-cache-hits': '1',
329 silly registry.get     'x-timer': 'S1423966287.569007,VS0,VE88',
329 silly registry.get     vary: 'Accept',
329 silly registry.get     'keep-alive': 'timeout=10, max=50',
329 silly registry.get     connection: 'Keep-Alive' } ]
330 silly addNameRange number 2 { name: 'gulp-minify-css',
330 silly addNameRange   range: '>=0.3.13-0 <0.4.0-0',
330 silly addNameRange   hasData: true }
331 silly addNameRange versions [ 'gulp-minify-css',
331 silly addNameRange   [ '0.0.1',
331 silly addNameRange     '0.1.0',
331 silly addNameRange     '0.2.0',
331 silly addNameRange     '0.3.0',
331 silly addNameRange     '0.3.1',
331 silly addNameRange     '0.3.2',
331 silly addNameRange     '0.3.3',
331 silly addNameRange     '0.3.4',
331 silly addNameRange     '0.3.5',
331 silly addNameRange     '0.3.6',
331 silly addNameRange     '0.3.7',
331 silly addNameRange     '0.3.8',
331 silly addNameRange     '0.3.9',
331 silly addNameRange     '0.3.10',
331 silly addNameRange     '0.3.11',
331 silly addNameRange     '0.3.12',
331 silly addNameRange     '0.3.13',
331 silly addNameRange     '0.4.0',
331 silly addNameRange     '0.4.1',
331 silly addNameRange     '0.4.2',
331 silly addNameRange     '0.4.3',
331 silly addNameRange     '0.4.4',
331 silly addNameRange     '0.4.5' ] ]
332 verbose addNamed [ 'gulp-minify-css', '0.3.13' ]
333 verbose addNamed [ '0.3.13', '0.3.13' ]
334 silly lockFile 9038a954-gulp-minify-css-0-3-13 gulp-minify-css@0.3.13
335 verbose lock gulp-minify-css@0.3.13 /Users/stephenyoung/.npm/9038a954-gulp-minify-css-0-3-13.lock
336 silly lockFile 9038a954-gulp-minify-css-0-3-13 gulp-minify-css@0.3.13
337 silly lockFile 9038a954-gulp-minify-css-0-3-13 gulp-minify-css@0.3.13
338 silly lockFile 35791a24-gulp-minify-css-0-3-13 gulp-minify-css@^0.3.13
339 silly lockFile 35791a24-gulp-minify-css-0-3-13 gulp-minify-css@^0.3.13
340 http 200 https://registry.npmjs.org/gulp-imagemin/-/gulp-imagemin-2.2.0.tgz
341 silly lockFile 8a7637b2-imagemin-gulp-imagemin-2-2-0-tgz https://registry.npmjs.org/gulp-imagemin/-/gulp-imagemin-2.2.0.tgz
342 silly lockFile 8a7637b2-imagemin-gulp-imagemin-2-2-0-tgz https://registry.npmjs.org/gulp-imagemin/-/gulp-imagemin-2.2.0.tgz
343 silly lockFile f98d44f5-gulp-imagemin-2-2-0 gulp-imagemin@2.2.0
344 silly lockFile f98d44f5-gulp-imagemin-2-2-0 gulp-imagemin@2.2.0
345 silly lockFile 4bc91826-gulp-imagemin-2-1-0 gulp-imagemin@^2.1.0
346 silly lockFile 4bc91826-gulp-imagemin-2-1-0 gulp-imagemin@^2.1.0
347 http 200 https://registry.npmjs.org/gulp-file-include
348 silly registry.get cb [ 200,
348 silly registry.get   { date: 'Sun, 15 Feb 2015 02:11:27 GMT',
348 silly registry.get     server: 'CouchDB/1.5.0 (Erlang OTP/R16B03)',
348 silly registry.get     etag: '"D4G7YGZ1WU26LHNUHENQ4IULS"',
348 silly registry.get     'content-type': 'application/json',
348 silly registry.get     'cache-control': 'max-age=60',
348 silly registry.get     'content-length': '26833',
348 silly registry.get     'accept-ranges': 'bytes',
348 silly registry.get     via: '1.1 varnish',
348 silly registry.get     age: '0',
348 silly registry.get     'x-served-by': 'cache-jfk1025-JFK',
348 silly registry.get     'x-cache': 'MISS',
348 silly registry.get     'x-cache-hits': '0',
348 silly registry.get     'x-timer': 'S1423966287.572086,VS0,VE166',
348 silly registry.get     vary: 'Accept',
348 silly registry.get     'keep-alive': 'timeout=10, max=50',
348 silly registry.get     connection: 'Keep-Alive' } ]
349 http 200 https://registry.npmjs.org/gulp-notify
350 silly registry.get cb [ 200,
350 silly registry.get   { date: 'Sun, 15 Feb 2015 02:11:27 GMT',
350 silly registry.get     server: 'CouchDB/1.5.0 (Erlang OTP/R16B03)',
350 silly registry.get     etag: '"A3MZTIVWV6VUFJVFP8Q4D1FMJ"',
350 silly registry.get     'content-type': 'application/json',
350 silly registry.get     'cache-control': 'max-age=60',
350 silly registry.get     'content-length': '75837',
350 silly registry.get     'accept-ranges': 'bytes',
350 silly registry.get     via: '1.1 varnish',
350 silly registry.get     age: '0',
350 silly registry.get     'x-served-by': 'cache-jfk1031-JFK',
350 silly registry.get     'x-cache': 'MISS',
350 silly registry.get     'x-cache-hits': '0',
350 silly registry.get     'x-timer': 'S1423966287.638500,VS0,VE83',
350 silly registry.get     vary: 'Accept',
350 silly registry.get     'keep-alive': 'timeout=10, max=49',
350 silly registry.get     connection: 'Keep-Alive' } ]
351 silly addNameRange number 2 { name: 'gulp-file-include',
351 silly addNameRange   range: '>=0.8.0-0 <0.9.0-0',
351 silly addNameRange   hasData: true }
352 silly addNameRange versions [ 'gulp-file-include',
352 silly addNameRange   [ '0.0.1',
352 silly addNameRange     '0.0.2',
352 silly addNameRange     '0.0.3',
352 silly addNameRange     '0.1.0',
352 silly addNameRange     '0.2.0',
352 silly addNameRange     '0.2.1',
352 silly addNameRange     '0.3.0',
352 silly addNameRange     '0.3.1',
352 silly addNameRange     '0.3.2',
352 silly addNameRange     '0.4.0',
352 silly addNameRange     '0.4.1',
352 silly addNameRange     '0.4.2',
352 silly addNameRange     '0.5.0',
352 silly addNameRange     '0.5.1',
352 silly addNameRange     '0.6.0',
352 silly addNameRange     '0.7.0',
352 silly addNameRange     '0.7.1',
352 silly addNameRange     '0.8.0' ] ]
353 verbose addNamed [ 'gulp-file-include', '0.8.0' ]
354 verbose addNamed [ '0.8.0', '0.8.0' ]
355 silly lockFile bbfa96e4-gulp-file-include-0-8-0 gulp-file-include@0.8.0
356 verbose lock gulp-file-include@0.8.0 /Users/stephenyoung/.npm/bbfa96e4-gulp-file-include-0-8-0.lock
357 silly lockFile bbfa96e4-gulp-file-include-0-8-0 gulp-file-include@0.8.0
358 silly lockFile bbfa96e4-gulp-file-include-0-8-0 gulp-file-include@0.8.0
359 silly lockFile 8441d3bc-gulp-file-include-0-8-0 gulp-file-include@^0.8.0
360 silly lockFile 8441d3bc-gulp-file-include-0-8-0 gulp-file-include@^0.8.0
361 silly addNameRange number 2 { name: 'gulp-notify',
361 silly addNameRange   range: '>=2.1.0-0 <3.0.0-0',
361 silly addNameRange   hasData: true }
362 silly addNameRange versions [ 'gulp-notify',
362 silly addNameRange   [ '0.0.5',
362 silly addNameRange     '0.0.6',
362 silly addNameRange     '0.0.7',
362 silly addNameRange     '0.0.8',
362 silly addNameRange     '0.1.0',
362 silly addNameRange     '0.2.0',
362 silly addNameRange     '0.3.0',
362 silly addNameRange     '0.3.2',
362 silly addNameRange     '0.3.3',
362 silly addNameRange     '0.3.4',
362 silly addNameRange     '0.3.4-1',
362 silly addNameRange     '0.3.4-2',
362 silly addNameRange     '0.3.5-0',
362 silly addNameRange     '0.4.0',
362 silly addNameRange     '0.4.1',
362 silly addNameRange     '0.4.2',
362 silly addNameRange     '0.4.3',
362 silly addNameRange     '0.4.5',
362 silly addNameRange     '0.4.6',
362 silly addNameRange     '0.5.0',
362 silly addNameRange     '0.5.1',
362 silly addNameRange     '0.6.0',
362 silly addNameRange     '0.6.1',
362 silly addNameRange     '0.6.2',
362 silly addNameRange     '1.0.0-beta',
362 silly addNameRange     '1.1.0',
362 silly addNameRange     '1.1.1',
362 silly addNameRange     '1.2.0',
362 silly addNameRange     '1.2.1',
362 silly addNameRange     '1.2.2',
362 silly addNameRange     '1.2.4',
362 silly addNameRange     '1.2.5',
362 silly addNameRange     '1.2.6',
362 silly addNameRange     '1.3.0',
362 silly addNameRange     '1.3.1',
362 silly addNameRange     '1.4.0',
362 silly addNameRange     '1.4.1',
362 silly addNameRange     '1.4.2',
362 silly addNameRange     '1.5.0',
362 silly addNameRange     '1.5.1',
362 silly addNameRange     '1.6.0',
362 silly addNameRange     '1.7.0',
362 silly addNameRange     '1.7.1',
362 silly addNameRange     '1.8.0',
362 silly addNameRange     '2.0.0',
362 silly addNameRange     '2.0.1',
362 silly addNameRange     '2.1.0',
362 silly addNameRange     '2.2.0' ] ]
363 verbose addNamed [ 'gulp-notify', '2.2.0' ]
364 verbose addNamed [ '2.2.0', '2.2.0' ]
365 silly lockFile 7dcdb195-gulp-notify-2-2-0 gulp-notify@2.2.0
366 verbose lock gulp-notify@2.2.0 /Users/stephenyoung/.npm/7dcdb195-gulp-notify-2-2-0.lock
367 silly lockFile 568d90be-ulp-notify-gulp-notify-2-2-0-tgz https://registry.npmjs.org/gulp-notify/-/gulp-notify-2.2.0.tgz
368 verbose lock https://registry.npmjs.org/gulp-notify/-/gulp-notify-2.2.0.tgz /Users/stephenyoung/.npm/568d90be-ulp-notify-gulp-notify-2-2-0-tgz.lock
369 verbose addRemoteTarball [ 'https://registry.npmjs.org/gulp-notify/-/gulp-notify-2.2.0.tgz',
369 verbose addRemoteTarball   '046c8285c292e97eed4e15a009c26cbbe5cef135' ]
370 info retry fetch attempt 1 at 21:11:27
371 verbose fetch to= /var/folders/9r/0_56wf993x7gwb297mpxlvcw0000gn/T/npm-67254-QvOxaifY/registry.npmjs.org/gulp-notify/-/gulp-notify-2.2.0.tgz
372 http GET https://registry.npmjs.org/gulp-notify/-/gulp-notify-2.2.0.tgz
373 http 200 https://registry.npmjs.org/imagemin-pngquant
374 silly registry.get cb [ 200,
374 silly registry.get   { date: 'Sun, 15 Feb 2015 02:11:27 GMT',
374 silly registry.get     server: 'CouchDB/1.5.0 (Erlang OTP/R16B03)',
374 silly registry.get     etag: '"26KAZ7GHZTYIBJDPCSZ274LB1"',
374 silly registry.get     'content-type': 'application/json',
374 silly registry.get     'cache-control': 'max-age=60',
374 silly registry.get     'content-length': '18815',
374 silly registry.get     'accept-ranges': 'bytes',
374 silly registry.get     via: '1.1 varnish',
374 silly registry.get     age: '14',
374 silly registry.get     'x-served-by': 'cache-jfk1031-JFK',
374 silly registry.get     'x-cache': 'HIT',
374 silly registry.get     'x-cache-hits': '1',
374 silly registry.get     'x-timer': 'S1423966287.822403,VS0,VE0',
374 silly registry.get     vary: 'Accept',
374 silly registry.get     'keep-alive': 'timeout=10, max=48',
374 silly registry.get     connection: 'Keep-Alive' } ]
375 silly addNameRange number 2 { name: 'imagemin-pngquant',
375 silly addNameRange   range: '>=4.0.0-0 <5.0.0-0',
375 silly addNameRange   hasData: true }
376 silly addNameRange versions [ 'imagemin-pngquant',
376 silly addNameRange   [ '0.1.0',
376 silly addNameRange     '0.1.1',
376 silly addNameRange     '0.1.2',
376 silly addNameRange     '0.1.3',
376 silly addNameRange     '1.0.0',
376 silly addNameRange     '1.0.1',
376 silly addNameRange     '1.0.2',
376 silly addNameRange     '2.0.0',
376 silly addNameRange     '2.0.1',
376 silly addNameRange     '3.0.0',
376 silly addNameRange     '3.1.0',
376 silly addNameRange     '4.0.0' ] ]
377 verbose addNamed [ 'imagemin-pngquant', '4.0.0' ]
378 verbose addNamed [ '4.0.0', '4.0.0' ]
379 silly lockFile 99fa07e6-imagemin-pngquant-4-0-0 imagemin-pngquant@4.0.0
380 verbose lock imagemin-pngquant@4.0.0 /Users/stephenyoung/.npm/99fa07e6-imagemin-pngquant-4-0-0.lock
381 silly lockFile 99fa07e6-imagemin-pngquant-4-0-0 imagemin-pngquant@4.0.0
382 silly lockFile 99fa07e6-imagemin-pngquant-4-0-0 imagemin-pngquant@4.0.0
383 silly lockFile 487947b1-imagemin-pngquant-4-0-0 imagemin-pngquant@^4.0.0
384 silly lockFile 487947b1-imagemin-pngquant-4-0-0 imagemin-pngquant@^4.0.0
385 http 200 https://registry.npmjs.org/gulp-sass/-/gulp-sass-1.3.3.tgz
386 silly lockFile 9876ba90-rg-gulp-sass-gulp-sass-1-3-3-tgz https://registry.npmjs.org/gulp-sass/-/gulp-sass-1.3.3.tgz
387 silly lockFile 9876ba90-rg-gulp-sass-gulp-sass-1-3-3-tgz https://registry.npmjs.org/gulp-sass/-/gulp-sass-1.3.3.tgz
388 silly lockFile bd3023a4-gulp-sass-1-3-3 gulp-sass@1.3.3
389 silly lockFile bd3023a4-gulp-sass-1-3-3 gulp-sass@1.3.3
390 silly lockFile 85a075d2-gulp-sass gulp-sass@*
391 silly lockFile 85a075d2-gulp-sass gulp-sass@*
392 http 304 https://registry.npmjs.org/streamjs
393 silly registry.get cb [ 304,
393 silly registry.get   { date: 'Sun, 15 Feb 2015 02:11:27 GMT',
393 silly registry.get     server: 'Apache',
393 silly registry.get     via: '1.1 varnish',
393 silly registry.get     'last-modified': 'Sun, 15 Feb 2015 02:11:27 GMT',
393 silly registry.get     'cache-control': 'max-age=60',
393 silly registry.get     etag: '"D0JIBFTX02UPNTS5WKEHVBQ9I"',
393 silly registry.get     age: '0',
393 silly registry.get     'x-served-by': 'cache-jfk1031-JFK',
393 silly registry.get     'x-cache': 'MISS',
393 silly registry.get     'x-cache-hits': '0',
393 silly registry.get     'x-timer': 'S1423966287.854417,VS0,VE18',
393 silly registry.get     vary: 'Accept',
393 silly registry.get     'content-length': '0',
393 silly registry.get     'keep-alive': 'timeout=10, max=47',
393 silly registry.get     connection: 'Keep-Alive' } ]
394 verbose etag https://registry.npmjs.org/streamjs from cache
395 silly addNameRange number 2 { name: 'streamjs', range: '>=1.3.0-0 <2.0.0-0', hasData: true }
396 silly addNameRange versions [ 'streamjs', [ '1.1.2', '1.2.0', '1.3.0' ] ]
397 verbose addNamed [ 'streamjs', '1.3.0' ]
398 verbose addNamed [ '1.3.0', '1.3.0' ]
399 silly lockFile bf04f8c5-streamjs-1-3-0 streamjs@1.3.0
400 verbose lock streamjs@1.3.0 /Users/stephenyoung/.npm/bf04f8c5-streamjs-1-3-0.lock
401 silly lockFile bf04f8c5-streamjs-1-3-0 streamjs@1.3.0
402 silly lockFile bf04f8c5-streamjs-1-3-0 streamjs@1.3.0
403 silly lockFile f1814a89-streamjs-1-3-0 streamjs@^1.3.0
404 silly lockFile f1814a89-streamjs-1-3-0 streamjs@^1.3.0
405 http 200 https://registry.npmjs.org/gulp-notify/-/gulp-notify-2.2.0.tgz
406 http 200 https://registry.npmjs.org/gulp-useref
407 silly registry.get cb [ 200,
407 silly registry.get   { date: 'Sun, 15 Feb 2015 02:11:27 GMT',
407 silly registry.get     server: 'CouchDB/1.5.0 (Erlang OTP/R16B03)',
407 silly registry.get     etag: '"9AO5QC04S69WPOFOO3D2BU6MP"',
407 silly registry.get     'content-type': 'application/json',
407 silly registry.get     'cache-control': 'max-age=60',
407 silly registry.get     'content-length': '31826',
407 silly registry.get     'accept-ranges': 'bytes',
407 silly registry.get     via: '1.1 varnish',
407 silly registry.get     age: '0',
407 silly registry.get     'x-served-by': 'cache-jfk1025-JFK',
407 silly registry.get     'x-cache': 'HIT',
407 silly registry.get     'x-cache-hits': '1',
407 silly registry.get     'x-timer': 'S1423966287.820374,VS0,VE84',
407 silly registry.get     vary: 'Accept',
407 silly registry.get     'keep-alive': 'timeout=10, max=49',
407 silly registry.get     connection: 'Keep-Alive' } ]
408 silly addNameRange number 2 { name: 'gulp-useref',
408 silly addNameRange   range: '>=1.1.1-0 <2.0.0-0',
408 silly addNameRange   hasData: true }
409 silly addNameRange versions [ 'gulp-useref',
409 silly addNameRange   [ '0.1.0',
409 silly addNameRange     '0.1.1',
409 silly addNameRange     '0.1.2',
409 silly addNameRange     '0.2.0',
409 silly addNameRange     '0.2.1',
409 silly addNameRange     '0.2.2',
409 silly addNameRange     '0.3.0',
409 silly addNameRange     '0.3.1',
409 silly addNameRange     '0.4.0',
409 silly addNameRange     '0.4.1',
409 silly addNameRange     '0.4.2',
409 silly addNameRange     '0.4.3',
409 silly addNameRange     '0.4.4',
409 silly addNameRange     '0.4.5',
409 silly addNameRange     '0.5.0',
409 silly addNameRange     '0.6.0',
409 silly addNameRange     '1.0.0',
409 silly addNameRange     '1.0.1',
409 silly addNameRange     '1.0.2',
409 silly addNameRange     '1.1.0',
409 silly addNameRange     '1.1.1' ] ]
410 verbose addNamed [ 'gulp-useref', '1.1.1' ]
411 verbose addNamed [ '1.1.1', '1.1.1' ]
412 silly lockFile 57860f31-gulp-useref-1-1-1 gulp-useref@1.1.1
413 verbose lock gulp-useref@1.1.1 /Users/stephenyoung/.npm/57860f31-gulp-useref-1-1-1.lock
414 silly lockFile 57860f31-gulp-useref-1-1-1 gulp-useref@1.1.1
415 silly lockFile 57860f31-gulp-useref-1-1-1 gulp-useref@1.1.1
416 silly lockFile aa9bb8d9-gulp-useref-1-1-1 gulp-useref@^1.1.1
417 silly lockFile aa9bb8d9-gulp-useref-1-1-1 gulp-useref@^1.1.1
418 http 200 https://registry.npmjs.org/gulp-clean
419 silly registry.get cb [ 200,
419 silly registry.get   { date: 'Sun, 15 Feb 2015 02:11:27 GMT',
419 silly registry.get     server: 'CouchDB/1.5.0 (Erlang OTP/R16B03)',
419 silly registry.get     etag: '"5J5FXV4A54ARWSGWS0PJ9ZP7S"',
419 silly registry.get     'content-type': 'application/json',
419 silly registry.get     'cache-control': 'max-age=60',
419 silly registry.get     'content-length': '14143',
419 silly registry.get     'accept-ranges': 'bytes',
419 silly registry.get     via: '1.1 varnish',
419 silly registry.get     age: '0',
419 silly registry.get     'x-served-by': 'cache-jfk1025-JFK',
419 silly registry.get     'x-cache': 'HIT',
419 silly registry.get     'x-cache-hits': '1',
419 silly registry.get     'x-timer': 'S1423966287.580006,VS0,VE354',
419 silly registry.get     vary: 'Accept',
419 silly registry.get     'keep-alive': 'timeout=10, max=50',
419 silly registry.get     connection: 'Keep-Alive' } ]
420 silly addNameRange number 2 { name: 'gulp-clean',
420 silly addNameRange   range: '>=0.3.1-0 <0.4.0-0',
420 silly addNameRange   hasData: true }
421 silly addNameRange versions [ 'gulp-clean',
421 silly addNameRange   [ '0.1.1',
421 silly addNameRange     '0.1.2',
421 silly addNameRange     '0.1.3',
421 silly addNameRange     '0.2.0',
421 silly addNameRange     '0.2.1',
421 silly addNameRange     '0.2.2',
421 silly addNameRange     '0.2.3',
421 silly addNameRange     '0.2.4',
421 silly addNameRange     '0.3.0',
421 silly addNameRange     '0.3.1' ] ]
422 verbose addNamed [ 'gulp-clean', '0.3.1' ]
423 verbose addNamed [ '0.3.1', '0.3.1' ]
424 silly lockFile 72b2b8e8-gulp-clean-0-3-1 gulp-clean@0.3.1
425 verbose lock gulp-clean@0.3.1 /Users/stephenyoung/.npm/72b2b8e8-gulp-clean-0-3-1.lock
426 warn deprecated gulp-clean@0.3.1: use gulp-rimraf instead
427 silly lockFile 72b2b8e8-gulp-clean-0-3-1 gulp-clean@0.3.1
428 silly lockFile 72b2b8e8-gulp-clean-0-3-1 gulp-clean@0.3.1
429 silly lockFile a388a01c-gulp-clean-0-3-1 gulp-clean@^0.3.1
430 silly lockFile a388a01c-gulp-clean-0-3-1 gulp-clean@^0.3.1
431 silly lockFile 568d90be-ulp-notify-gulp-notify-2-2-0-tgz https://registry.npmjs.org/gulp-notify/-/gulp-notify-2.2.0.tgz
432 silly lockFile 568d90be-ulp-notify-gulp-notify-2-2-0-tgz https://registry.npmjs.org/gulp-notify/-/gulp-notify-2.2.0.tgz
433 silly lockFile 7dcdb195-gulp-notify-2-2-0 gulp-notify@2.2.0
434 silly lockFile 7dcdb195-gulp-notify-2-2-0 gulp-notify@2.2.0
435 silly lockFile 06ce4f1d-gulp-notify-2-1-0 gulp-notify@^2.1.0
436 silly lockFile 06ce4f1d-gulp-notify-2-1-0 gulp-notify@^2.1.0
437 http 200 https://registry.npmjs.org/gulp
438 silly registry.get cb [ 200,
438 silly registry.get   { date: 'Sun, 15 Feb 2015 02:11:27 GMT',
438 silly registry.get     server: 'CouchDB/1.5.0 (Erlang OTP/R16B03)',
438 silly registry.get     etag: '"36KAOYUYT8N7PKFSKRH1N7IRQ"',
438 silly registry.get     'content-type': 'application/json',
438 silly registry.get     'cache-control': 'max-age=60',
438 silly registry.get     'content-length': '99883',
438 silly registry.get     'accept-ranges': 'bytes',
438 silly registry.get     via: '1.1 varnish',
438 silly registry.get     age: '0',
438 silly registry.get     'x-served-by': 'cache-jfk1031-JFK',
438 silly registry.get     'x-cache': 'HIT',
438 silly registry.get     'x-cache-hits': '1',
438 silly registry.get     'x-timer': 'S1423966287.894752,VS0,VE73',
438 silly registry.get     vary: 'Accept',
438 silly registry.get     'keep-alive': 'timeout=10, max=46',
438 silly registry.get     connection: 'Keep-Alive' } ]
439 silly addNameRange number 2 { name: 'gulp', range: '*', hasData: true }
440 silly addNameRange versions [ 'gulp',
440 silly addNameRange   [ '0.0.1',
440 silly addNameRange     '0.0.2',
440 silly addNameRange     '0.0.3',
440 silly addNameRange     '0.0.4',
440 silly addNameRange     '0.0.5',
440 silly addNameRange     '0.0.7',
440 silly addNameRange     '0.0.8',
440 silly addNameRange     '0.0.9',
440 silly addNameRange     '0.1.0',
440 silly addNameRange     '0.2.0',
440 silly addNameRange     '1.0.0',
440 silly addNameRange     '1.1.0',
440 silly addNameRange     '1.2.0',
440 silly addNameRange     '1.2.1',
440 silly addNameRange     '2.0.0',
440 silly addNameRange     '2.0.1',
440 silly addNameRange     '2.1.0',
440 silly addNameRange     '2.2.0',
440 silly addNameRange     '2.3.0',
440 silly addNameRange     '2.4.0',
440 silly addNameRange     '2.4.1',
440 silly addNameRange     '2.6.0',
440 silly addNameRange     '2.6.1',
440 silly addNameRange     '2.7.0',
440 silly addNameRange     '3.0.0',
440 silly addNameRange     '3.1.1',
440 silly addNameRange     '3.1.2',
440 silly addNameRange     '3.1.3',
440 silly addNameRange     '3.1.4',
440 silly addNameRange     '3.2.0',
440 silly addNameRange     '3.2.1',
440 silly addNameRange     '3.2.2',
440 silly addNameRange     '3.2.3',
440 silly addNameRange     '3.2.4',
440 silly addNameRange     '3.2.5',
440 silly addNameRange     '3.3.0',
440 silly addNameRange     '3.3.1',
440 silly addNameRange     '3.3.2',
440 silly addNameRange     '3.3.4',
440 silly addNameRange     '3.4.0',
440 silly addNameRange     '3.5.0',
440 silly addNameRange     '3.5.1',
440 silly addNameRange     '3.5.2',
440 silly addNameRange     '3.5.5',
440 silly addNameRange     '3.5.6',
440 silly addNameRange     '3.6.0',
440 silly addNameRange     '3.6.1',
440 silly addNameRange     '3.6.2',
440 silly addNameRange     '3.7.0',
440 silly addNameRange     '3.8.0',
440 silly addNameRange     '3.8.1',
440 silly addNameRange     '3.8.2',
440 silly addNameRange     '3.8.3',
440 silly addNameRange     '3.8.4',
440 silly addNameRange     '3.8.5',
440 silly addNameRange     '3.8.6',
440 silly addNameRange     '3.8.7',
440 silly addNameRange     '3.8.8',
440 silly addNameRange     '3.8.9',
440 silly addNameRange     '3.8.10',
440 silly addNameRange     '3.8.11' ] ]
441 verbose addNamed [ 'gulp', '3.8.11' ]
442 verbose addNamed [ '3.8.11', '3.8.11' ]
443 silly lockFile 3d31ec08-gulp-3-8-11 gulp@3.8.11
444 verbose lock gulp@3.8.11 /Users/stephenyoung/.npm/3d31ec08-gulp-3-8-11.lock
445 silly lockFile 2528ddbe-y-npmjs-org-gulp-gulp-3-8-11-tgz https://registry.npmjs.org/gulp/-/gulp-3.8.11.tgz
446 verbose lock https://registry.npmjs.org/gulp/-/gulp-3.8.11.tgz /Users/stephenyoung/.npm/2528ddbe-y-npmjs-org-gulp-gulp-3-8-11-tgz.lock
447 verbose addRemoteTarball [ 'https://registry.npmjs.org/gulp/-/gulp-3.8.11.tgz',
447 verbose addRemoteTarball   'd557e0a7283eb4136491969b0497767972f1d28a' ]
448 info retry fetch attempt 1 at 21:11:28
449 verbose fetch to= /var/folders/9r/0_56wf993x7gwb297mpxlvcw0000gn/T/npm-67254-QvOxaifY/registry.npmjs.org/gulp/-/gulp-3.8.11.tgz
450 http GET https://registry.npmjs.org/gulp/-/gulp-3.8.11.tgz
451 http 200 https://registry.npmjs.org/gulp-uglify
452 silly registry.get cb [ 200,
452 silly registry.get   { date: 'Sun, 15 Feb 2015 02:11:28 GMT',
452 silly registry.get     server: 'CouchDB/1.5.0 (Erlang OTP/R16B03)',
452 silly registry.get     etag: '"97PNLE1XVVX8AJ00DUKR1G8PC"',
452 silly registry.get     'content-type': 'application/json',
452 silly registry.get     'cache-control': 'max-age=60',
452 silly registry.get     'content-length': '23094',
452 silly registry.get     'accept-ranges': 'bytes',
452 silly registry.get     via: '1.1 varnish',
452 silly registry.get     age: '0',
452 silly registry.get     'x-served-by': 'cache-jfk1035-JFK',
452 silly registry.get     'x-cache': 'HIT',
452 silly registry.get     'x-cache-hits': '1',
452 silly registry.get     'x-timer': 'S1423966287.727312,VS0,VE357',
452 silly registry.get     vary: 'Accept',
452 silly registry.get     'keep-alive': 'timeout=10, max=47',
452 silly registry.get     connection: 'Keep-Alive' } ]
453 silly addNameRange number 2 { name: 'gulp-uglify',
453 silly addNameRange   range: '>=1.1.0-0 <2.0.0-0',
453 silly addNameRange   hasData: true }
454 silly addNameRange versions [ 'gulp-uglify',
454 silly addNameRange   [ '0.0.1',
454 silly addNameRange     '0.0.3',
454 silly addNameRange     '0.0.4',
454 silly addNameRange     '0.1.0',
454 silly addNameRange     '0.2.0',
454 silly addNameRange     '0.2.1',
454 silly addNameRange     '0.3.0',
454 silly addNameRange     '0.3.1',
454 silly addNameRange     '0.3.2',
454 silly addNameRange     '1.0.0-0',
454 silly addNameRange     '1.0.0',
454 silly addNameRange     '1.0.1',
454 silly addNameRange     '1.0.2',
454 silly addNameRange     '1.1.0' ] ]
455 verbose addNamed [ 'gulp-uglify', '1.1.0' ]
456 verbose addNamed [ '1.1.0', '1.1.0' ]
457 silly lockFile 91b67821-gulp-uglify-1-1-0 gulp-uglify@1.1.0
458 verbose lock gulp-uglify@1.1.0 /Users/stephenyoung/.npm/91b67821-gulp-uglify-1-1-0.lock
459 silly lockFile 91b67821-gulp-uglify-1-1-0 gulp-uglify@1.1.0
460 silly lockFile 91b67821-gulp-uglify-1-1-0 gulp-uglify@1.1.0
461 silly lockFile f336d083-gulp-uglify-1-1-0 gulp-uglify@^1.1.0
462 silly lockFile f336d083-gulp-uglify-1-1-0 gulp-uglify@^1.1.0
463 http 200 https://registry.npmjs.org/gulp-scss-lint
464 silly registry.get cb [ 200,
464 silly registry.get   { date: 'Sun, 15 Feb 2015 02:11:28 GMT',
464 silly registry.get     server: 'CouchDB/1.5.0 (Erlang OTP/R16B03)',
464 silly registry.get     etag: '"K7868ZQ7MGVHR7I7DNHUE73N"',
464 silly registry.get     'content-type': 'application/json',
464 silly registry.get     'cache-control': 'max-age=60',
464 silly registry.get     'content-length': '22527',
464 silly registry.get     'accept-ranges': 'bytes',
464 silly registry.get     via: '1.1 varnish',
464 silly registry.get     age: '0',
464 silly registry.get     'x-served-by': 'cache-jfk1024-JFK',
464 silly registry.get     'x-cache': 'MISS',
464 silly registry.get     'x-cache-hits': '0',
464 silly registry.get     'x-timer': 'S1423966287.758935,VS0,VE431',
464 silly registry.get     vary: 'Accept',
464 silly registry.get     'keep-alive': 'timeout=10, max=49',
464 silly registry.get     connection: 'Keep-Alive' } ]
465 http 200 https://registry.npmjs.org/gulp/-/gulp-3.8.11.tgz
466 silly addNameRange number 2 { name: 'gulp-scss-lint', range: '*', hasData: true }
467 silly addNameRange versions [ 'gulp-scss-lint',
467 silly addNameRange   [ '0.0.2',
467 silly addNameRange     '0.0.3',
467 silly addNameRange     '0.0.4',
467 silly addNameRange     '0.0.5',
467 silly addNameRange     '0.0.6',
467 silly addNameRange     '0.1.0',
467 silly addNameRange     '0.1.1',
467 silly addNameRange     '0.1.2',
467 silly addNameRange     '0.1.3',
467 silly addNameRange     '0.1.4',
467 silly addNameRange     '0.1.5',
467 silly addNameRange     '0.1.6',
467 silly addNameRange     '0.1.7' ] ]
468 verbose addNamed [ 'gulp-scss-lint', '0.1.7' ]
469 verbose addNamed [ '0.1.7', '0.1.7' ]
470 silly lockFile 31420464-gulp-scss-lint-0-1-7 gulp-scss-lint@0.1.7
471 verbose lock gulp-scss-lint@0.1.7 /Users/stephenyoung/.npm/31420464-gulp-scss-lint-0-1-7.lock
472 silly lockFile 7e550b67-ss-lint-gulp-scss-lint-0-1-7-tgz https://registry.npmjs.org/gulp-scss-lint/-/gulp-scss-lint-0.1.7.tgz
473 verbose lock https://registry.npmjs.org/gulp-scss-lint/-/gulp-scss-lint-0.1.7.tgz /Users/stephenyoung/.npm/7e550b67-ss-lint-gulp-scss-lint-0-1-7-tgz.lock
474 verbose addRemoteTarball [ 'https://registry.npmjs.org/gulp-scss-lint/-/gulp-scss-lint-0.1.7.tgz',
474 verbose addRemoteTarball   '10f70d21a733ab1c8afd3f066010a2fdea5f9ede' ]
475 info retry fetch attempt 1 at 21:11:28
476 verbose fetch to= /var/folders/9r/0_56wf993x7gwb297mpxlvcw0000gn/T/npm-67254-QvOxaifY/registry.npmjs.org/gulp-scss-lint/-/gulp-scss-lint-0.1.7.tgz
477 http GET https://registry.npmjs.org/gulp-scss-lint/-/gulp-scss-lint-0.1.7.tgz
478 silly lockFile 2528ddbe-y-npmjs-org-gulp-gulp-3-8-11-tgz https://registry.npmjs.org/gulp/-/gulp-3.8.11.tgz
479 silly lockFile 2528ddbe-y-npmjs-org-gulp-gulp-3-8-11-tgz https://registry.npmjs.org/gulp/-/gulp-3.8.11.tgz
480 silly lockFile 3d31ec08-gulp-3-8-11 gulp@3.8.11
481 silly lockFile 3d31ec08-gulp-3-8-11 gulp@3.8.11
482 silly lockFile 51046861-gulp gulp@*
483 silly lockFile 51046861-gulp gulp@*
484 http 200 https://registry.npmjs.org/gulp-scss-lint/-/gulp-scss-lint-0.1.7.tgz
485 silly lockFile 7e550b67-ss-lint-gulp-scss-lint-0-1-7-tgz https://registry.npmjs.org/gulp-scss-lint/-/gulp-scss-lint-0.1.7.tgz
486 silly lockFile 7e550b67-ss-lint-gulp-scss-lint-0-1-7-tgz https://registry.npmjs.org/gulp-scss-lint/-/gulp-scss-lint-0.1.7.tgz
487 silly lockFile 31420464-gulp-scss-lint-0-1-7 gulp-scss-lint@0.1.7
488 silly lockFile 31420464-gulp-scss-lint-0-1-7 gulp-scss-lint@0.1.7
489 silly lockFile 5c08cfa1-gulp-scss-lint gulp-scss-lint@*
490 silly lockFile 5c08cfa1-gulp-scss-lint gulp-scss-lint@*
491 error Error: EACCES, mkdir '/Users/stephenyoung/.npm/gulp-notify/2.2.0'
491 error  { [Error: EACCES, mkdir '/Users/stephenyoung/.npm/gulp-notify/2.2.0']
491 error   errno: 3,
491 error   code: 'EACCES',
491 error   path: '/Users/stephenyoung/.npm/gulp-notify/2.2.0' }
492 error Please try running this command again as root/Administrator.
493 error System Darwin 14.0.0
494 error command "node" "/usr/local/bin/npm" "install"
495 error cwd /Users/stephenyoung/Documents/GitHub Repos/acidotic-racing
496 error node -v v0.10.33
497 error npm -v 1.4.28
498 error path /Users/stephenyoung/.npm/gulp-notify/2.2.0
499 error code EACCES
500 error errno 3
501 error stack Error: EACCES, mkdir '/Users/stephenyoung/.npm/gulp-notify/2.2.0'
502 verbose exit [ 3, true ]
